0 info it worked if it ends with ok
1 verbose cli [ '/Users/sean/.nvm/versions/node/v5.0.0/bin/node',
1 verbose cli   '/Users/sean/.nvm/versions/node/v5.0.0/bin/npm',
1 verbose cli   'i' ]
2 info using npm@3.3.6
3 info using node@v5.0.0
4 silly loadCurrentTree Starting
5 silly install loadCurrentTree
6 silly install readLocalPackageData
7 silly install normalizeTree
8 silly loadCurrentTree Finishing
9 silly loadIdealTree Starting
10 silly install loadIdealTree
11 silly cloneCurrentTree Starting
12 silly install cloneCurrentTreeToIdealTree
13 silly cloneCurrentTree Finishing
14 silly loadShrinkwrap Starting
15 silly install loadShrinkwrap
16 silly loadShrinkwrap Finishing
17 silly loadAllDepsIntoIdealTree Starting
18 silly install loadAllDepsIntoIdealTree
19 silly loadAllDepsIntoIdealTree Finishing
20 silly idealTree:prePrune my-electrified-app@
20 silly idealTree:prePrune ├── abbrev@1.0.7
20 silly idealTree:prePrune ├── ansi-regex@2.0.0
20 silly idealTree:prePrune ├── ansi-styles@2.1.0
20 silly idealTree:prePrune ├─┬ asar@0.8.3
20 silly idealTree:prePrune │ └── commander@2.3.0
20 silly idealTree:prePrune ├── asn1@0.1.11
20 silly idealTree:prePrune ├── assert-plus@0.1.5
20 silly idealTree:prePrune ├── async@0.9.2
20 silly idealTree:prePrune ├── aws-sign2@0.5.0
20 silly idealTree:prePrune ├── balanced-match@0.3.0
20 silly idealTree:prePrune ├── base64-js@0.0.8
20 silly idealTree:prePrune ├── binary@0.3.0
20 silly idealTree:prePrune ├─┬ bl@0.9.4
20 silly idealTree:prePrune │ └── readable-stream@1.0.33
20 silly idealTree:prePrune ├── bluebird@2.10.2
20 silly idealTree:prePrune ├── boom@2.10.1
20 silly idealTree:prePrune ├── brace-expansion@1.1.2
20 silly idealTree:prePrune ├── buffers@0.1.1
20 silly idealTree:prePrune ├── builtin-modules@1.1.0
20 silly idealTree:prePrune ├── camelcase-keys@2.0.0
20 silly idealTree:prePrune ├── camelcase@2.0.1
20 silly idealTree:prePrune ├── caseless@0.9.0
20 silly idealTree:prePrune ├── chainsaw@0.1.0
20 silly idealTree:prePrune ├── chalk@1.1.1
20 silly idealTree:prePrune ├── chromium-pickle-js@0.1.0
20 silly idealTree:prePrune ├── combined-stream@0.0.7
20 silly idealTree:prePrune ├── commander@2.9.0
20 silly idealTree:prePrune ├── concat-map@0.0.1
20 silly idealTree:prePrune ├─┬ concat-stream@1.5.0
20 silly idealTree:prePrune │ └── readable-stream@2.0.5
20 silly idealTree:prePrune ├── core-util-is@1.0.2
20 silly idealTree:prePrune ├── cryptiles@2.0.5
20 silly idealTree:prePrune ├── ctype@0.5.3
20 silly idealTree:prePrune ├── cuint@0.1.5
20 silly idealTree:prePrune ├── debug@2.2.0
20 silly idealTree:prePrune ├── decompress-zip@0.1.0
20 silly idealTree:prePrune ├── deep-extend@0.4.0
20 silly idealTree:prePrune ├── delayed-stream@0.0.5
20 silly idealTree:prePrune ├── electrify@2.1.4
20 silly idealTree:prePrune ├── electron-download@1.4.1
20 silly idealTree:prePrune ├── electron-packager@5.2.0
20 silly idealTree:prePrune ├── electron-prebuilt@0.35.4
20 silly idealTree:prePrune ├── error-ex@1.3.0
20 silly idealTree:prePrune ├── escape-string-regexp@1.0.4
20 silly idealTree:prePrune ├─┬ extract-zip@1.3.0
20 silly idealTree:prePrune │ ├── async@1.5.0
20 silly idealTree:prePrune │ ├── debug@0.7.4
20 silly idealTree:prePrune │ ├── minimist@0.0.8
20 silly idealTree:prePrune │ └── mkdirp@0.5.0
20 silly idealTree:prePrune ├── faye-websocket@0.9.4
20 silly idealTree:prePrune ├── fd-slicer@1.0.1
20 silly idealTree:prePrune ├─┬ find-up@1.1.0
20 silly idealTree:prePrune │ └── path-exists@2.1.0
20 silly idealTree:prePrune ├── forever-agent@0.6.1
20 silly idealTree:prePrune ├── form-data@0.2.0
20 silly idealTree:prePrune ├── fs-extra@0.18.2
20 silly idealTree:prePrune ├── generate-function@2.0.0
20 silly idealTree:prePrune ├── generate-object-property@1.2.0
20 silly idealTree:prePrune ├── get-stdin@4.0.1
20 silly idealTree:prePrune ├── glob@5.0.15
20 silly idealTree:prePrune ├── graceful-fs@3.0.8
20 silly idealTree:prePrune ├── graceful-readlink@1.0.1
20 silly idealTree:prePrune ├── har-validator@1.8.0
20 silly idealTree:prePrune ├── has-ansi@2.0.0
20 silly idealTree:prePrune ├── hawk@2.3.1
20 silly idealTree:prePrune ├── hoek@2.16.3
20 silly idealTree:prePrune ├── home-path@1.0.1
20 silly idealTree:prePrune ├── hosted-git-info@2.1.4
20 silly idealTree:prePrune ├── http-signature@0.10.1
20 silly idealTree:prePrune ├── indent-string@2.1.0
20 silly idealTree:prePrune ├── inflight@1.0.4
20 silly idealTree:prePrune ├── inherits@2.0.1
20 silly idealTree:prePrune ├── ini@1.3.4
20 silly idealTree:prePrune ├── is-arrayish@0.2.1
20 silly idealTree:prePrune ├── is-builtin-module@1.0.0
20 silly idealTree:prePrune ├── is-finite@1.0.1
20 silly idealTree:prePrune ├── is-my-json-valid@2.12.3
20 silly idealTree:prePrune ├── is-property@1.0.2
20 silly idealTree:prePrune ├── is-utf8@0.2.1
20 silly idealTree:prePrune ├── isarray@0.0.1
20 silly idealTree:prePrune ├── isstream@0.1.2
20 silly idealTree:prePrune ├── json-stringify-safe@5.0.1
20 silly idealTree:prePrune ├── jsonfile@2.2.3
20 silly idealTree:prePrune ├── jsonpointer@2.0.0
20 silly idealTree:prePrune ├─┬ load-json-file@1.1.0
20 silly idealTree:prePrune │ └── graceful-fs@4.1.2
20 silly idealTree:prePrune ├── lodash@3.10.1
20 silly idealTree:prePrune ├── loud-rejection@1.2.0
20 silly idealTree:prePrune ├── map-obj@1.0.1
20 silly idealTree:prePrune ├── meow@3.6.0
20 silly idealTree:prePrune ├── mime-db@1.12.0
20 silly idealTree:prePrune ├── mime-types@2.0.14
20 silly idealTree:prePrune ├── minimatch@2.0.4
20 silly idealTree:prePrune ├── minimist@1.2.0
20 silly idealTree:prePrune ├─┬ mkdirp@0.5.1
20 silly idealTree:prePrune │ └── minimist@0.0.8
20 silly idealTree:prePrune ├── mkpath@0.1.0
20 silly idealTree:prePrune ├── mksnapshot@0.1.0
20 silly idealTree:prePrune ├── ms@0.7.1
20 silly idealTree:prePrune ├── mv@2.1.1
20 silly idealTree:prePrune ├── ncp@2.0.0
20 silly idealTree:prePrune ├── node-uuid@1.4.7
20 silly idealTree:prePrune ├── nopt@3.0.6
20 silly idealTree:prePrune ├── normalize-package-data@2.3.5
20 silly idealTree:prePrune ├── nugget@1.6.0
20 silly idealTree:prePrune ├── number-is-nan@1.0.0
20 silly idealTree:prePrune ├── oauth-sign@0.6.0
20 silly idealTree:prePrune ├── object-assign@4.0.1
20 silly idealTree:prePrune ├── object-keys@0.4.0
20 silly idealTree:prePrune ├── once@1.3.3
20 silly idealTree:prePrune ├── parse-json@2.2.0
20 silly idealTree:prePrune ├── path-exists@1.0.0
20 silly idealTree:prePrune ├── path-is-absolute@1.0.0
20 silly idealTree:prePrune ├─┬ path-type@1.1.0
20 silly idealTree:prePrune │ └── graceful-fs@4.1.2
20 silly idealTree:prePrune ├── pend@1.2.0
20 silly idealTree:prePrune ├── pify@2.3.0
20 silly idealTree:prePrune ├── pinkie-promise@2.0.0
20 silly idealTree:prePrune ├── pinkie@2.0.1
20 silly idealTree:prePrune ├── plist@1.2.0
20 silly idealTree:prePrune ├── pretty-bytes@1.0.4
20 silly idealTree:prePrune ├── process-nextick-args@1.0.6
20 silly idealTree:prePrune ├── progress-stream@1.2.0
20 silly idealTree:prePrune ├── q@1.4.1
20 silly idealTree:prePrune ├── qs@2.4.2
20 silly idealTree:prePrune ├── rc@1.1.5
20 silly idealTree:prePrune ├── rcedit@0.3.0
20 silly idealTree:prePrune ├── read-pkg-up@1.0.1
20 silly idealTree:prePrune ├── read-pkg@1.1.0
20 silly idealTree:prePrune ├── readable-stream@1.1.13
20 silly idealTree:prePrune ├── redent@1.0.0
20 silly idealTree:prePrune ├── repeating@2.0.0
20 silly idealTree:prePrune ├── request@2.55.0
20 silly idealTree:prePrune ├── rimraf@2.4.4
20 silly idealTree:prePrune ├── run-series@1.1.4
20 silly idealTree:prePrune ├── semver@5.1.0
20 silly idealTree:prePrune ├── server-destroy@1.0.1
20 silly idealTree:prePrune ├── shelljs@0.5.3
20 silly idealTree:prePrune ├── signal-exit@2.1.2
20 silly idealTree:prePrune ├── single-line-log@0.4.1
20 silly idealTree:prePrune ├── sntp@1.0.9
20 silly idealTree:prePrune ├── sockjs@0.3.15
20 silly idealTree:prePrune ├── spdx-correct@1.0.2
20 silly idealTree:prePrune ├── spdx-exceptions@1.0.4
20 silly idealTree:prePrune ├── spdx-expression-parse@1.0.2
20 silly idealTree:prePrune ├── spdx-license-ids@1.1.0
20 silly idealTree:prePrune ├── speedometer@0.1.4
20 silly idealTree:prePrune ├── string_decoder@0.10.31
20 silly idealTree:prePrune ├── stringstream@0.0.5
20 silly idealTree:prePrune ├── strip-ansi@3.0.0
20 silly idealTree:prePrune ├── strip-bom@2.0.0
20 silly idealTree:prePrune ├── strip-indent@1.0.1
20 silly idealTree:prePrune ├── strip-json-comments@1.0.4
20 silly idealTree:prePrune ├── supports-color@2.0.0
20 silly idealTree:prePrune ├── throttleit@0.0.2
20 silly idealTree:prePrune ├─┬ through2@0.2.3
20 silly idealTree:prePrune │ └── xtend@2.1.2
20 silly idealTree:prePrune ├─┬ touch@0.0.3
20 silly idealTree:prePrune │ └── nopt@1.0.10
20 silly idealTree:prePrune ├── tough-cookie@2.2.1
20 silly idealTree:prePrune ├── traverse@0.3.9
20 silly idealTree:prePrune ├── trim-newlines@1.0.0
20 silly idealTree:prePrune ├── tunnel-agent@0.4.2
20 silly idealTree:prePrune ├── typedarray@0.0.6
20 silly idealTree:prePrune ├── util-deprecate@1.0.2
20 silly idealTree:prePrune ├── validate-npm-package-license@3.0.1
20 silly idealTree:prePrune ├── websocket-driver@0.6.3
20 silly idealTree:prePrune ├── websocket-extensions@0.1.1
20 silly idealTree:prePrune ├── wrappy@1.0.1
20 silly idealTree:prePrune ├── xmlbuilder@4.0.0
20 silly idealTree:prePrune ├── xmldom@0.1.19
20 silly idealTree:prePrune ├── xtend@4.0.1
20 silly idealTree:prePrune └── yauzl@2.3.1
21 silly loadIdealTree Finishing
22 silly currentTree my-electrified-app@
22 silly currentTree ├── abbrev@1.0.7
22 silly currentTree ├── ansi-regex@2.0.0
22 silly currentTree ├── ansi-styles@2.1.0
22 silly currentTree ├─┬ asar@0.8.3
22 silly currentTree │ └── commander@2.3.0
22 silly currentTree ├── asn1@0.1.11
22 silly currentTree ├── assert-plus@0.1.5
22 silly currentTree ├── async@0.9.2
22 silly currentTree ├── aws-sign2@0.5.0
22 silly currentTree ├── balanced-match@0.3.0
22 silly currentTree ├── base64-js@0.0.8
22 silly currentTree ├── binary@0.3.0
22 silly currentTree ├─┬ bl@0.9.4
22 silly currentTree │ └── readable-stream@1.0.33
22 silly currentTree ├── bluebird@2.10.2
22 silly currentTree ├── boom@2.10.1
22 silly currentTree ├── brace-expansion@1.1.2
22 silly currentTree ├── buffers@0.1.1
22 silly currentTree ├── builtin-modules@1.1.0
22 silly currentTree ├── camelcase-keys@2.0.0
22 silly currentTree ├── camelcase@2.0.1
22 silly currentTree ├── caseless@0.9.0
22 silly currentTree ├── chainsaw@0.1.0
22 silly currentTree ├── chalk@1.1.1
22 silly currentTree ├── chromium-pickle-js@0.1.0
22 silly currentTree ├── combined-stream@0.0.7
22 silly currentTree ├── commander@2.9.0
22 silly currentTree ├── concat-map@0.0.1
22 silly currentTree ├─┬ concat-stream@1.5.0
22 silly currentTree │ └── readable-stream@2.0.5
22 silly currentTree ├── core-util-is@1.0.2
22 silly currentTree ├── cryptiles@2.0.5
22 silly currentTree ├── ctype@0.5.3
22 silly currentTree ├── cuint@0.1.5
22 silly currentTree ├── debug@2.2.0
22 silly currentTree ├── decompress-zip@0.1.0
22 silly currentTree ├── deep-extend@0.4.0
22 silly currentTree ├── delayed-stream@0.0.5
22 silly currentTree ├── electrify@2.1.4
22 silly currentTree ├── electron-download@1.4.1
22 silly currentTree ├── electron-packager@5.2.0
22 silly currentTree ├── electron-prebuilt@0.35.4
22 silly currentTree ├── error-ex@1.3.0
22 silly currentTree ├── escape-string-regexp@1.0.4
22 silly currentTree ├─┬ extract-zip@1.3.0
22 silly currentTree │ ├── async@1.5.0
22 silly currentTree │ ├── debug@0.7.4
22 silly currentTree │ ├── minimist@0.0.8
22 silly currentTree │ └── mkdirp@0.5.0
22 silly currentTree ├── faye-websocket@0.9.4
22 silly currentTree ├── fd-slicer@1.0.1
22 silly currentTree ├─┬ find-up@1.1.0
22 silly currentTree │ └── path-exists@2.1.0
22 silly currentTree ├── forever-agent@0.6.1
22 silly currentTree ├── form-data@0.2.0
22 silly currentTree ├── fs-extra@0.18.2
22 silly currentTree ├── generate-function@2.0.0
22 silly currentTree ├── generate-object-property@1.2.0
22 silly currentTree ├── get-stdin@4.0.1
22 silly currentTree ├── glob@5.0.15
22 silly currentTree ├── graceful-fs@3.0.8
22 silly currentTree ├── graceful-readlink@1.0.1
22 silly currentTree ├── har-validator@1.8.0
22 silly currentTree ├── has-ansi@2.0.0
22 silly currentTree ├── hawk@2.3.1
22 silly currentTree ├── hoek@2.16.3
22 silly currentTree ├── home-path@1.0.1
22 silly currentTree ├── hosted-git-info@2.1.4
22 silly currentTree ├── http-signature@0.10.1
22 silly currentTree ├── indent-string@2.1.0
22 silly currentTree ├── inflight@1.0.4
22 silly currentTree ├── inherits@2.0.1
22 silly currentTree ├── ini@1.3.4
22 silly currentTree ├── is-arrayish@0.2.1
22 silly currentTree ├── is-builtin-module@1.0.0
22 silly currentTree ├── is-finite@1.0.1
22 silly currentTree ├── is-my-json-valid@2.12.3
22 silly currentTree ├── is-property@1.0.2
22 silly currentTree ├── is-utf8@0.2.1
22 silly currentTree ├── isarray@0.0.1
22 silly currentTree ├── isstream@0.1.2
22 silly currentTree ├── json-stringify-safe@5.0.1
22 silly currentTree ├── jsonfile@2.2.3
22 silly currentTree ├── jsonpointer@2.0.0
22 silly currentTree ├─┬ load-json-file@1.1.0
22 silly currentTree │ └── graceful-fs@4.1.2
22 silly currentTree ├── lodash@3.10.1
22 silly currentTree ├── loud-rejection@1.2.0
22 silly currentTree ├── map-obj@1.0.1
22 silly currentTree ├── meow@3.6.0
22 silly currentTree ├── mime-db@1.12.0
22 silly currentTree ├── mime-types@2.0.14
22 silly currentTree ├── minimatch@2.0.4
22 silly currentTree ├── minimist@1.2.0
22 silly currentTree ├─┬ mkdirp@0.5.1
22 silly currentTree │ └── minimist@0.0.8
22 silly currentTree ├── mkpath@0.1.0
22 silly currentTree ├── mksnapshot@0.1.0
22 silly currentTree ├── ms@0.7.1
22 silly currentTree ├── mv@2.1.1
22 silly currentTree ├── ncp@2.0.0
22 silly currentTree ├── node-uuid@1.4.7
22 silly currentTree ├── nopt@3.0.6
22 silly currentTree ├── normalize-package-data@2.3.5
22 silly currentTree ├── nugget@1.6.0
22 silly currentTree ├── number-is-nan@1.0.0
22 silly currentTree ├── oauth-sign@0.6.0
22 silly currentTree ├── object-assign@4.0.1
22 silly currentTree ├── object-keys@0.4.0
22 silly currentTree ├── once@1.3.3
22 silly currentTree ├── parse-json@2.2.0
22 silly currentTree ├── path-exists@1.0.0
22 silly currentTree ├── path-is-absolute@1.0.0
22 silly currentTree ├─┬ path-type@1.1.0
22 silly currentTree │ └── graceful-fs@4.1.2
22 silly currentTree ├── pend@1.2.0
22 silly currentTree ├── pify@2.3.0
22 silly currentTree ├── pinkie-promise@2.0.0
22 silly currentTree ├── pinkie@2.0.1
22 silly currentTree ├── plist@1.2.0
22 silly currentTree ├── pretty-bytes@1.0.4
22 silly currentTree ├── process-nextick-args@1.0.6
22 silly currentTree ├── progress-stream@1.2.0
22 silly currentTree ├── q@1.4.1
22 silly currentTree ├── qs@2.4.2
22 silly currentTree ├── rc@1.1.5
22 silly currentTree ├── rcedit@0.3.0
22 silly currentTree ├── read-pkg-up@1.0.1
22 silly currentTree ├── read-pkg@1.1.0
22 silly currentTree ├── readable-stream@1.1.13
22 silly currentTree ├── redent@1.0.0
22 silly currentTree ├── repeating@2.0.0
22 silly currentTree ├── request@2.55.0
22 silly currentTree ├── rimraf@2.4.4
22 silly currentTree ├── run-series@1.1.4
22 silly currentTree ├── semver@5.1.0
22 silly currentTree ├── server-destroy@1.0.1
22 silly currentTree ├── shelljs@0.5.3
22 silly currentTree ├── signal-exit@2.1.2
22 silly currentTree ├── single-line-log@0.4.1
22 silly currentTree ├── sntp@1.0.9
22 silly currentTree ├── sockjs@0.3.15
22 silly currentTree ├── spdx-correct@1.0.2
22 silly currentTree ├── spdx-exceptions@1.0.4
22 silly currentTree ├── spdx-expression-parse@1.0.2
22 silly currentTree ├── spdx-license-ids@1.1.0
22 silly currentTree ├── speedometer@0.1.4
22 silly currentTree ├── string_decoder@0.10.31
22 silly currentTree ├── stringstream@0.0.5
22 silly currentTree ├── strip-ansi@3.0.0
22 silly currentTree ├── strip-bom@2.0.0
22 silly currentTree ├── strip-indent@1.0.1
22 silly currentTree ├── strip-json-comments@1.0.4
22 silly currentTree ├── supports-color@2.0.0
22 silly currentTree ├── throttleit@0.0.2
22 silly currentTree ├─┬ through2@0.2.3
22 silly currentTree │ └── xtend@2.1.2
22 silly currentTree ├─┬ touch@0.0.3
22 silly currentTree │ └── nopt@1.0.10
22 silly currentTree ├── tough-cookie@2.2.1
22 silly currentTree ├── traverse@0.3.9
22 silly currentTree ├── trim-newlines@1.0.0
22 silly currentTree ├── tunnel-agent@0.4.2
22 silly currentTree ├── typedarray@0.0.6
22 silly currentTree ├── util-deprecate@1.0.2
22 silly currentTree ├── validate-npm-package-license@3.0.1
22 silly currentTree ├── websocket-driver@0.6.3
22 silly currentTree ├── websocket-extensions@0.1.1
22 silly currentTree ├── wrappy@1.0.1
22 silly currentTree ├── xmlbuilder@4.0.0
22 silly currentTree ├── xmldom@0.1.19
22 silly currentTree ├── xtend@4.0.1
22 silly currentTree └── yauzl@2.3.1
23 silly idealTree my-electrified-app@
23 silly idealTree ├── abbrev@1.0.7
23 silly idealTree ├── ansi-regex@2.0.0
23 silly idealTree ├── ansi-styles@2.1.0
23 silly idealTree ├─┬ asar@0.8.3
23 silly idealTree │ └── commander@2.3.0
23 silly idealTree ├── asn1@0.1.11
23 silly idealTree ├── assert-plus@0.1.5
23 silly idealTree ├── async@0.9.2
23 silly idealTree ├── aws-sign2@0.5.0
23 silly idealTree ├── balanced-match@0.3.0
23 silly idealTree ├── base64-js@0.0.8
23 silly idealTree ├── binary@0.3.0
23 silly idealTree ├─┬ bl@0.9.4
23 silly idealTree │ └── readable-stream@1.0.33
23 silly idealTree ├── bluebird@2.10.2
23 silly idealTree ├── boom@2.10.1
23 silly idealTree ├── brace-expansion@1.1.2
23 silly idealTree ├── buffers@0.1.1
23 silly idealTree ├── builtin-modules@1.1.0
23 silly idealTree ├── camelcase-keys@2.0.0
23 silly idealTree ├── camelcase@2.0.1
23 silly idealTree ├── caseless@0.9.0
23 silly idealTree ├── chainsaw@0.1.0
23 silly idealTree ├── chalk@1.1.1
23 silly idealTree ├── chromium-pickle-js@0.1.0
23 silly idealTree ├── combined-stream@0.0.7
23 silly idealTree ├── commander@2.9.0
23 silly idealTree ├── concat-map@0.0.1
23 silly idealTree ├─┬ concat-stream@1.5.0
23 silly idealTree │ └── readable-stream@2.0.5
23 silly idealTree ├── core-util-is@1.0.2
23 silly idealTree ├── cryptiles@2.0.5
23 silly idealTree ├── ctype@0.5.3
23 silly idealTree ├── cuint@0.1.5
23 silly idealTree ├── debug@2.2.0
23 silly idealTree ├── decompress-zip@0.1.0
23 silly idealTree ├── deep-extend@0.4.0
23 silly idealTree ├── delayed-stream@0.0.5
23 silly idealTree ├── electrify@2.1.4
23 silly idealTree ├── electron-download@1.4.1
23 silly idealTree ├── electron-packager@5.2.0
23 silly idealTree ├── electron-prebuilt@0.35.4
23 silly idealTree ├── error-ex@1.3.0
23 silly idealTree ├── escape-string-regexp@1.0.4
23 silly idealTree ├─┬ extract-zip@1.3.0
23 silly idealTree │ ├── async@1.5.0
23 silly idealTree │ ├── debug@0.7.4
23 silly idealTree │ ├── minimist@0.0.8
23 silly idealTree │ └── mkdirp@0.5.0
23 silly idealTree ├── faye-websocket@0.9.4
23 silly idealTree ├── fd-slicer@1.0.1
23 silly idealTree ├─┬ find-up@1.1.0
23 silly idealTree │ └── path-exists@2.1.0
23 silly idealTree ├── forever-agent@0.6.1
23 silly idealTree ├── form-data@0.2.0
23 silly idealTree ├── fs-extra@0.18.2
23 silly idealTree ├── generate-function@2.0.0
23 silly idealTree ├── generate-object-property@1.2.0
23 silly idealTree ├── get-stdin@4.0.1
23 silly idealTree ├── glob@5.0.15
23 silly idealTree ├── graceful-fs@3.0.8
23 silly idealTree ├── graceful-readlink@1.0.1
23 silly idealTree ├── har-validator@1.8.0
23 silly idealTree ├── has-ansi@2.0.0
23 silly idealTree ├── hawk@2.3.1
23 silly idealTree ├── hoek@2.16.3
23 silly idealTree ├── home-path@1.0.1
23 silly idealTree ├── hosted-git-info@2.1.4
23 silly idealTree ├── http-signature@0.10.1
23 silly idealTree ├── indent-string@2.1.0
23 silly idealTree ├── inflight@1.0.4
23 silly idealTree ├── inherits@2.0.1
23 silly idealTree ├── ini@1.3.4
23 silly idealTree ├── is-arrayish@0.2.1
23 silly idealTree ├── is-builtin-module@1.0.0
23 silly idealTree ├── is-finite@1.0.1
23 silly idealTree ├── is-my-json-valid@2.12.3
23 silly idealTree ├── is-property@1.0.2
23 silly idealTree ├── is-utf8@0.2.1
23 silly idealTree ├── isarray@0.0.1
23 silly idealTree ├── isstream@0.1.2
23 silly idealTree ├── json-stringify-safe@5.0.1
23 silly idealTree ├── jsonfile@2.2.3
23 silly idealTree ├── jsonpointer@2.0.0
23 silly idealTree ├─┬ load-json-file@1.1.0
23 silly idealTree │ └── graceful-fs@4.1.2
23 silly idealTree ├── lodash@3.10.1
23 silly idealTree ├── loud-rejection@1.2.0
23 silly idealTree ├── map-obj@1.0.1
23 silly idealTree ├── meow@3.6.0
23 silly idealTree ├── mime-db@1.12.0
23 silly idealTree ├── mime-types@2.0.14
23 silly idealTree ├── minimatch@2.0.4
23 silly idealTree ├── minimist@1.2.0
23 silly idealTree ├─┬ mkdirp@0.5.1
23 silly idealTree │ └── minimist@0.0.8
23 silly idealTree ├── mkpath@0.1.0
23 silly idealTree ├── mksnapshot@0.1.0
23 silly idealTree ├── ms@0.7.1
23 silly idealTree ├── mv@2.1.1
23 silly idealTree ├── ncp@2.0.0
23 silly idealTree ├── node-uuid@1.4.7
23 silly idealTree ├── nopt@3.0.6
23 silly idealTree ├── normalize-package-data@2.3.5
23 silly idealTree ├── nugget@1.6.0
23 silly idealTree ├── number-is-nan@1.0.0
23 silly idealTree ├── oauth-sign@0.6.0
23 silly idealTree ├── object-assign@4.0.1
23 silly idealTree ├── object-keys@0.4.0
23 silly idealTree ├── once@1.3.3
23 silly idealTree ├── parse-json@2.2.0
23 silly idealTree ├── path-exists@1.0.0
23 silly idealTree ├── path-is-absolute@1.0.0
23 silly idealTree ├─┬ path-type@1.1.0
23 silly idealTree │ └── graceful-fs@4.1.2
23 silly idealTree ├── pend@1.2.0
23 silly idealTree ├── pify@2.3.0
23 silly idealTree ├── pinkie-promise@2.0.0
23 silly idealTree ├── pinkie@2.0.1
23 silly idealTree ├── plist@1.2.0
23 silly idealTree ├── pretty-bytes@1.0.4
23 silly idealTree ├── process-nextick-args@1.0.6
23 silly idealTree ├── progress-stream@1.2.0
23 silly idealTree ├── q@1.4.1
23 silly idealTree ├── qs@2.4.2
23 silly idealTree ├── rc@1.1.5
23 silly idealTree ├── rcedit@0.3.0
23 silly idealTree ├── read-pkg-up@1.0.1
23 silly idealTree ├── read-pkg@1.1.0
23 silly idealTree ├── readable-stream@1.1.13
23 silly idealTree ├── redent@1.0.0
23 silly idealTree ├── repeating@2.0.0
23 silly idealTree ├── request@2.55.0
23 silly idealTree ├── rimraf@2.4.4
23 silly idealTree ├── run-series@1.1.4
23 silly idealTree ├── semver@5.1.0
23 silly idealTree ├── server-destroy@1.0.1
23 silly idealTree ├── shelljs@0.5.3
23 silly idealTree ├── signal-exit@2.1.2
23 silly idealTree ├── single-line-log@0.4.1
23 silly idealTree ├── sntp@1.0.9
23 silly idealTree ├── sockjs@0.3.15
23 silly idealTree ├── spdx-correct@1.0.2
23 silly idealTree ├── spdx-exceptions@1.0.4
23 silly idealTree ├── spdx-expression-parse@1.0.2
23 silly idealTree ├── spdx-license-ids@1.1.0
23 silly idealTree ├── speedometer@0.1.4
23 silly idealTree ├── string_decoder@0.10.31
23 silly idealTree ├── stringstream@0.0.5
23 silly idealTree ├── strip-ansi@3.0.0
23 silly idealTree ├── strip-bom@2.0.0
23 silly idealTree ├── strip-indent@1.0.1
23 silly idealTree ├── strip-json-comments@1.0.4
23 silly idealTree ├── supports-color@2.0.0
23 silly idealTree ├── throttleit@0.0.2
23 silly idealTree ├─┬ through2@0.2.3
23 silly idealTree │ └── xtend@2.1.2
23 silly idealTree ├─┬ touch@0.0.3
23 silly idealTree │ └── nopt@1.0.10
23 silly idealTree ├── tough-cookie@2.2.1
23 silly idealTree ├── traverse@0.3.9
23 silly idealTree ├── trim-newlines@1.0.0
23 silly idealTree ├── tunnel-agent@0.4.2
23 silly idealTree ├── typedarray@0.0.6
23 silly idealTree ├── util-deprecate@1.0.2
23 silly idealTree ├── validate-npm-package-license@3.0.1
23 silly idealTree ├── websocket-driver@0.6.3
23 silly idealTree ├── websocket-extensions@0.1.1
23 silly idealTree ├── wrappy@1.0.1
23 silly idealTree ├── xmlbuilder@4.0.0
23 silly idealTree ├── xmldom@0.1.19
23 silly idealTree ├── xtend@4.0.1
23 silly idealTree └── yauzl@2.3.1
24 silly generateActionsToTake Starting
25 silly install generateActionsToTake
26 silly generateActionsToTake Finishing
27 silly diffTrees action count 0
28 silly decomposeActions action count 0
29 silly executeActions Starting
30 silly install executeActions
31 silly doSerial global-install 0
32 silly doParallel fetch 0
33 verbose lock using /Users/sean/.npm/_locks/staging-67d972132191bb02.lock for /Users/sean/Desktop/Development/node/mrspider-ui/.electrify/node_modules/.staging
34 silly doParallel extract 0
35 silly doParallel preinstall 0
36 silly doReverseSerial remove 0
37 silly doSerial move 0
38 silly doSerial finalize 0
39 silly doSerial build 0
40 silly doSerial global-link 0
41 silly doParallel update-linked 0
42 silly doSerial install 0
43 silly doSerial postinstall 0
44 verbose unlock done using /Users/sean/.npm/_locks/staging-67d972132191bb02.lock for /Users/sean/Desktop/Development/node/mrspider-ui/.electrify/node_modules/.staging
45 silly executeActions Finishing
46 silly rollbackFailedOptional Starting
47 silly rollbackFailedOptional Finishing
48 silly runTopLevelLifecycles Starting
49 silly install runTopLevelLifecycles
50 silly preinstall my-electrified-app /Users/sean/Desktop/Development/node/mrspider-ui/.electrify/my-electrified-app-6158db9c97c375295153ea2390723af6
51 info lifecycle my-electrified-app@~preinstall: my-electrified-app@
52 silly lifecycle my-electrified-app@~preinstall: no script for preinstall, continuing
53 silly build my-electrified-app
54 info linkStuff my-electrified-app@
55 silly linkStuff my-electrified-app@ has /Users/sean/Desktop/Development/node/mrspider-ui as its parent node_modules
56 verbose linkBins my-electrified-app@
57 verbose linkMans my-electrified-app@
58 verbose rebuildBundles my-electrified-app@
59 verbose rebuildBundles [ '.bin',
59 verbose rebuildBundles   'abbrev',
59 verbose rebuildBundles   'ansi-regex',
59 verbose rebuildBundles   'ansi-styles',
59 verbose rebuildBundles   'asar',
59 verbose rebuildBundles   'asn1',
59 verbose rebuildBundles   'assert-plus',
59 verbose rebuildBundles   'async',
59 verbose rebuildBundles   'aws-sign2',
59 verbose rebuildBundles   'balanced-match',
59 verbose rebuildBundles   'base64-js',
59 verbose rebuildBundles   'binary',
59 verbose rebuildBundles   'bl',
59 verbose rebuildBundles   'bluebird',
59 verbose rebuildBundles   'boom',
59 verbose rebuildBundles   'brace-expansion',
59 verbose rebuildBundles   'buffers',
59 verbose rebuildBundles   'builtin-modules',
59 verbose rebuildBundles   'camelcase',
59 verbose rebuildBundles   'camelcase-keys',
59 verbose rebuildBundles   'caseless',
59 verbose rebuildBundles   'chainsaw',
59 verbose rebuildBundles   'chalk',
59 verbose rebuildBundles   'chromium-pickle-js',
59 verbose rebuildBundles   'combined-stream',
59 verbose rebuildBundles   'commander',
59 verbose rebuildBundles   'concat-map',
59 verbose rebuildBundles   'concat-stream',
59 verbose rebuildBundles   'core-util-is',
59 verbose rebuildBundles   'cryptiles',
59 verbose rebuildBundles   'ctype',
59 verbose rebuildBundles   'cuint',
59 verbose rebuildBundles   'debug',
59 verbose rebuildBundles   'decompress-zip',
59 verbose rebuildBundles   'deep-extend',
59 verbose rebuildBundles   'delayed-stream',
59 verbose rebuildBundles   'electrify',
59 verbose rebuildBundles   'electron-download',
59 verbose rebuildBundles   'electron-packager',
59 verbose rebuildBundles   'electron-prebuilt',
59 verbose rebuildBundles   'error-ex',
59 verbose rebuildBundles   'escape-string-regexp',
59 verbose rebuildBundles   'extract-zip',
59 verbose rebuildBundles   'faye-websocket',
59 verbose rebuildBundles   'fd-slicer',
59 verbose rebuildBundles   'find-up',
59 verbose rebuildBundles   'forever-agent',
59 verbose rebuildBundles   'form-data',
59 verbose rebuildBundles   'fs-extra',
59 verbose rebuildBundles   'generate-function',
59 verbose rebuildBundles   'generate-object-property',
59 verbose rebuildBundles   'get-stdin',
59 verbose rebuildBundles   'glob',
59 verbose rebuildBundles   'graceful-fs',
59 verbose rebuildBundles   'graceful-readlink',
59 verbose rebuildBundles   'har-validator',
59 verbose rebuildBundles   'has-ansi',
59 verbose rebuildBundles   'hawk',
59 verbose rebuildBundles   'hoek',
59 verbose rebuildBundles   'home-path',
59 verbose rebuildBundles   'hosted-git-info',
59 verbose rebuildBundles   'http-signature',
59 verbose rebuildBundles   'indent-string',
59 verbose rebuildBundles   'inflight',
59 verbose rebuildBundles   'inherits',
59 verbose rebuildBundles   'ini',
59 verbose rebuildBundles   'is-arrayish',
59 verbose rebuildBundles   'is-builtin-module',
59 verbose rebuildBundles   'is-finite',
59 verbose rebuildBundles   'is-my-json-valid',
59 verbose rebuildBundles   'is-property',
59 verbose rebuildBundles   'is-utf8',
59 verbose rebuildBundles   'isarray',
59 verbose rebuildBundles   'isstream',
59 verbose rebuildBundles   'json-stringify-safe',
59 verbose rebuildBundles   'jsonfile',
59 verbose rebuildBundles   'jsonpointer',
59 verbose rebuildBundles   'load-json-file',
59 verbose rebuildBundles   'lodash',
59 verbose rebuildBundles   'loud-rejection',
59 verbose rebuildBundles   'map-obj',
59 verbose rebuildBundles   'meow',
59 verbose rebuildBundles   'mime-db',
59 verbose rebuildBundles   'mime-types',
59 verbose rebuildBundles   'minimatch',
59 verbose rebuildBundles   'minimist',
59 verbose rebuildBundles   'mkdirp',
59 verbose rebuildBundles   'mkpath',
59 verbose rebuildBundles   'mksnapshot',
59 verbose rebuildBundles   'ms',
59 verbose rebuildBundles   'mv',
59 verbose rebuildBundles   'ncp',
59 verbose rebuildBundles   'node-uuid',
59 verbose rebuildBundles   'nopt',
59 verbose rebuildBundles   'normalize-package-data',
59 verbose rebuildBundles   'nugget',
59 verbose rebuildBundles   'number-is-nan',
59 verbose rebuildBundles   'oauth-sign',
59 verbose rebuildBundles   'object-assign',
59 verbose rebuildBundles   'object-keys',
59 verbose rebuildBundles   'once',
59 verbose rebuildBundles   'parse-json',
59 verbose rebuildBundles   'path-exists',
59 verbose rebuildBundles   'path-is-absolute',
59 verbose rebuildBundles   'path-type',
59 verbose rebuildBundles   'pend',
59 verbose rebuildBundles   'pify',
59 verbose rebuildBundles   'pinkie',
59 verbose rebuildBundles   'pinkie-promise',
59 verbose rebuildBundles   'plist',
59 verbose rebuildBundles   'pretty-bytes',
59 verbose rebuildBundles   'process-nextick-args',
59 verbose rebuildBundles   'progress-stream',
59 verbose rebuildBundles   'q',
59 verbose rebuildBundles   'qs',
59 verbose rebuildBundles   'rc',
59 verbose rebuildBundles   'rcedit',
59 verbose rebuildBundles   'read-pkg',
59 verbose rebuildBundles   'read-pkg-up',
59 verbose rebuildBundles   'readable-stream',
59 verbose rebuildBundles   'redent',
59 verbose rebuildBundles   'repeating',
59 verbose rebuildBundles   'request',
59 verbose rebuildBundles   'rimraf',
59 verbose rebuildBundles   'run-series',
59 verbose rebuildBundles   'semver',
59 verbose rebuildBundles   'server-destroy',
59 verbose rebuildBundles   'shelljs',
59 verbose rebuildBundles   'signal-exit',
59 verbose rebuildBundles   'single-line-log',
59 verbose rebuildBundles   'sntp',
59 verbose rebuildBundles   'sockjs',
59 verbose rebuildBundles   'spdx-correct',
59 verbose rebuildBundles   'spdx-exceptions',
59 verbose rebuildBundles   'spdx-expression-parse',
59 verbose rebuildBundles   'spdx-license-ids',
59 verbose rebuildBundles   'speedometer',
59 verbose rebuildBundles   'string_decoder',
59 verbose rebuildBundles   'stringstream',
59 verbose rebuildBundles   'strip-ansi',
59 verbose rebuildBundles   'strip-bom',
59 verbose rebuildBundles   'strip-indent',
59 verbose rebuildBundles   'strip-json-comments',
59 verbose rebuildBundles   'supports-color',
59 verbose rebuildBundles   'throttleit',
59 verbose rebuildBundles   'through2',
59 verbose rebuildBundles   'touch',
59 verbose rebuildBundles   'tough-cookie',
59 verbose rebuildBundles   'traverse',
59 verbose rebuildBundles   'trim-newlines',
59 verbose rebuildBundles   'tunnel-agent',
59 verbose rebuildBundles   'typedarray',
59 verbose rebuildBundles   'util-deprecate',
59 verbose rebuildBundles   'validate-npm-package-license',
59 verbose rebuildBundles   'websocket-driver',
59 verbose rebuildBundles   'websocket-extensions',
59 verbose rebuildBundles   'wrappy',
59 verbose rebuildBundles   'xmlbuilder',
59 verbose rebuildBundles   'xmldom',
59 verbose rebuildBundles   'xtend',
59 verbose rebuildBundles   'yauzl' ]
60 verbose rebuild bundle /Users/sean/Desktop/Development/node/mrspider-ui/.electrify/node_modules/abbrev
61 info build /Users/sean/Desktop/Development/node/mrspider-ui/.electrify/node_modules/abbrev
62 info lifecycle abbrev@1.0.7~preinstall: abbrev@1.0.7
63 silly lifecycle abbrev@1.0.7~preinstall: no script for preinstall, continuing
64 info linkStuff abbrev@1.0.7
65 silly linkStuff abbrev@1.0.7 has /Users/sean/Desktop/Development/node/mrspider-ui/.electrify/node_modules as its parent node_modules
66 verbose linkBins abbrev@1.0.7
67 verbose linkMans abbrev@1.0.7
68 verbose rebuildBundles abbrev@1.0.7
69 info lifecycle abbrev@1.0.7~install: abbrev@1.0.7
70 silly lifecycle abbrev@1.0.7~install: no script for install, continuing
71 info lifecycle abbrev@1.0.7~postinstall: abbrev@1.0.7
72 silly lifecycle abbrev@1.0.7~postinstall: no script for postinstall, continuing
73 verbose rebuild bundle /Users/sean/Desktop/Development/node/mrspider-ui/.electrify/node_modules/ansi-regex
74 info build /Users/sean/Desktop/Development/node/mrspider-ui/.electrify/node_modules/ansi-regex
75 info lifecycle ansi-regex@2.0.0~preinstall: ansi-regex@2.0.0
76 silly lifecycle ansi-regex@2.0.0~preinstall: no script for preinstall, continuing
77 info linkStuff ansi-regex@2.0.0
78 silly linkStuff ansi-regex@2.0.0 has /Users/sean/Desktop/Development/node/mrspider-ui/.electrify/node_modules as its parent node_modules
79 verbose linkBins ansi-regex@2.0.0
80 verbose linkMans ansi-regex@2.0.0
81 verbose rebuildBundles ansi-regex@2.0.0
82 info lifecycle ansi-regex@2.0.0~install: ansi-regex@2.0.0
83 silly lifecycle ansi-regex@2.0.0~install: no script for install, continuing
84 info lifecycle ansi-regex@2.0.0~postinstall: ansi-regex@2.0.0
85 silly lifecycle ansi-regex@2.0.0~postinstall: no script for postinstall, continuing
86 verbose rebuild bundle /Users/sean/Desktop/Development/node/mrspider-ui/.electrify/node_modules/ansi-styles
87 info build /Users/sean/Desktop/Development/node/mrspider-ui/.electrify/node_modules/ansi-styles
88 info lifecycle ansi-styles@2.1.0~preinstall: ansi-styles@2.1.0
89 silly lifecycle ansi-styles@2.1.0~preinstall: no script for preinstall, continuing
90 info linkStuff ansi-styles@2.1.0
91 silly linkStuff ansi-styles@2.1.0 has /Users/sean/Desktop/Development/node/mrspider-ui/.electrify/node_modules as its parent node_modules
92 verbose linkBins ansi-styles@2.1.0
93 verbose linkMans ansi-styles@2.1.0
94 verbose rebuildBundles ansi-styles@2.1.0
95 info lifecycle ansi-styles@2.1.0~install: ansi-styles@2.1.0
96 silly lifecycle ansi-styles@2.1.0~install: no script for install, continuing
97 info lifecycle ansi-styles@2.1.0~postinstall: ansi-styles@2.1.0
98 silly lifecycle ansi-styles@2.1.0~postinstall: no script for postinstall, continuing
99 verbose rebuild bundle /Users/sean/Desktop/Development/node/mrspider-ui/.electrify/node_modules/asar
100 info build /Users/sean/Desktop/Development/node/mrspider-ui/.electrify/node_modules/asar
101 info lifecycle asar@0.8.3~preinstall: asar@0.8.3
102 silly lifecycle asar@0.8.3~preinstall: no script for preinstall, continuing
103 info linkStuff asar@0.8.3
104 silly linkStuff asar@0.8.3 has /Users/sean/Desktop/Development/node/mrspider-ui/.electrify/node_modules as its parent node_modules
105 verbose linkBins asar@0.8.3
106 verbose link bins [ { asar: 'bin/asar' },
106 verbose link bins   '/Users/sean/Desktop/Development/node/mrspider-ui/.electrify/node_modules/.bin',
106 verbose link bins   false ]
107 verbose linkMans asar@0.8.3
108 verbose rebuildBundles asar@0.8.3
109 verbose rebuildBundles [ 'commander' ]
110 info lifecycle asar@0.8.3~install: asar@0.8.3
111 silly lifecycle asar@0.8.3~install: no script for install, continuing
112 info lifecycle asar@0.8.3~postinstall: asar@0.8.3
113 silly lifecycle asar@0.8.3~postinstall: no script for postinstall, continuing
114 verbose rebuild bundle /Users/sean/Desktop/Development/node/mrspider-ui/.electrify/node_modules/asn1
115 info build /Users/sean/Desktop/Development/node/mrspider-ui/.electrify/node_modules/asn1
116 info lifecycle asn1@0.1.11~preinstall: asn1@0.1.11
117 silly lifecycle asn1@0.1.11~preinstall: no script for preinstall, continuing
118 info linkStuff asn1@0.1.11
119 silly linkStuff asn1@0.1.11 has /Users/sean/Desktop/Development/node/mrspider-ui/.electrify/node_modules as its parent node_modules
120 verbose linkBins asn1@0.1.11
121 verbose linkMans asn1@0.1.11
122 verbose rebuildBundles asn1@0.1.11
123 info lifecycle asn1@0.1.11~install: asn1@0.1.11
124 silly lifecycle asn1@0.1.11~install: no script for install, continuing
125 info lifecycle asn1@0.1.11~postinstall: asn1@0.1.11
126 silly lifecycle asn1@0.1.11~postinstall: no script for postinstall, continuing
127 verbose rebuild bundle /Users/sean/Desktop/Development/node/mrspider-ui/.electrify/node_modules/assert-plus
128 info build /Users/sean/Desktop/Development/node/mrspider-ui/.electrify/node_modules/assert-plus
129 info lifecycle assert-plus@0.1.5~preinstall: assert-plus@0.1.5
130 silly lifecycle assert-plus@0.1.5~preinstall: no script for preinstall, continuing
131 info linkStuff assert-plus@0.1.5
132 silly linkStuff assert-plus@0.1.5 has /Users/sean/Desktop/Development/node/mrspider-ui/.electrify/node_modules as its parent node_modules
133 verbose linkBins assert-plus@0.1.5
134 verbose linkMans assert-plus@0.1.5
135 verbose rebuildBundles assert-plus@0.1.5
136 info lifecycle assert-plus@0.1.5~install: assert-plus@0.1.5
137 silly lifecycle assert-plus@0.1.5~install: no script for install, continuing
138 info lifecycle assert-plus@0.1.5~postinstall: assert-plus@0.1.5
139 silly lifecycle assert-plus@0.1.5~postinstall: no script for postinstall, continuing
140 verbose rebuild bundle /Users/sean/Desktop/Development/node/mrspider-ui/.electrify/node_modules/async
141 info build /Users/sean/Desktop/Development/node/mrspider-ui/.electrify/node_modules/async
142 info lifecycle async@0.9.2~preinstall: async@0.9.2
143 silly lifecycle async@0.9.2~preinstall: no script for preinstall, continuing
144 info linkStuff async@0.9.2
145 silly linkStuff async@0.9.2 has /Users/sean/Desktop/Development/node/mrspider-ui/.electrify/node_modules as its parent node_modules
146 verbose linkBins async@0.9.2
147 verbose linkMans async@0.9.2
148 verbose rebuildBundles async@0.9.2
149 info lifecycle async@0.9.2~install: async@0.9.2
150 silly lifecycle async@0.9.2~install: no script for install, continuing
151 info lifecycle async@0.9.2~postinstall: async@0.9.2
152 silly lifecycle async@0.9.2~postinstall: no script for postinstall, continuing
153 verbose rebuild bundle /Users/sean/Desktop/Development/node/mrspider-ui/.electrify/node_modules/aws-sign2
154 info build /Users/sean/Desktop/Development/node/mrspider-ui/.electrify/node_modules/aws-sign2
155 info lifecycle aws-sign2@0.5.0~preinstall: aws-sign2@0.5.0
156 silly lifecycle aws-sign2@0.5.0~preinstall: no script for preinstall, continuing
157 info linkStuff aws-sign2@0.5.0
158 silly linkStuff aws-sign2@0.5.0 has /Users/sean/Desktop/Development/node/mrspider-ui/.electrify/node_modules as its parent node_modules
159 verbose linkBins aws-sign2@0.5.0
160 verbose linkMans aws-sign2@0.5.0
161 verbose rebuildBundles aws-sign2@0.5.0
162 info lifecycle aws-sign2@0.5.0~install: aws-sign2@0.5.0
163 silly lifecycle aws-sign2@0.5.0~install: no script for install, continuing
164 info lifecycle aws-sign2@0.5.0~postinstall: aws-sign2@0.5.0
165 silly lifecycle aws-sign2@0.5.0~postinstall: no script for postinstall, continuing
166 verbose rebuild bundle /Users/sean/Desktop/Development/node/mrspider-ui/.electrify/node_modules/balanced-match
167 info build /Users/sean/Desktop/Development/node/mrspider-ui/.electrify/node_modules/balanced-match
168 info lifecycle balanced-match@0.3.0~preinstall: balanced-match@0.3.0
169 silly lifecycle balanced-match@0.3.0~preinstall: no script for preinstall, continuing
170 info linkStuff balanced-match@0.3.0
171 silly linkStuff balanced-match@0.3.0 has /Users/sean/Desktop/Development/node/mrspider-ui/.electrify/node_modules as its parent node_modules
172 verbose linkBins balanced-match@0.3.0
173 verbose linkMans balanced-match@0.3.0
174 verbose rebuildBundles balanced-match@0.3.0
175 info lifecycle balanced-match@0.3.0~install: balanced-match@0.3.0
176 silly lifecycle balanced-match@0.3.0~install: no script for install, continuing
177 info lifecycle balanced-match@0.3.0~postinstall: balanced-match@0.3.0
178 silly lifecycle balanced-match@0.3.0~postinstall: no script for postinstall, continuing
179 verbose rebuild bundle /Users/sean/Desktop/Development/node/mrspider-ui/.electrify/node_modules/base64-js
180 info build /Users/sean/Desktop/Development/node/mrspider-ui/.electrify/node_modules/base64-js
181 info lifecycle base64-js@0.0.8~preinstall: base64-js@0.0.8
182 silly lifecycle base64-js@0.0.8~preinstall: no script for preinstall, continuing
183 info linkStuff base64-js@0.0.8
184 silly linkStuff base64-js@0.0.8 has /Users/sean/Desktop/Development/node/mrspider-ui/.electrify/node_modules as its parent node_modules
185 verbose linkBins base64-js@0.0.8
186 verbose linkMans base64-js@0.0.8
187 verbose rebuildBundles base64-js@0.0.8
188 info lifecycle base64-js@0.0.8~install: base64-js@0.0.8
189 silly lifecycle base64-js@0.0.8~install: no script for install, continuing
190 info lifecycle base64-js@0.0.8~postinstall: base64-js@0.0.8
191 silly lifecycle base64-js@0.0.8~postinstall: no script for postinstall, continuing
192 verbose rebuild bundle /Users/sean/Desktop/Development/node/mrspider-ui/.electrify/node_modules/binary
193 info build /Users/sean/Desktop/Development/node/mrspider-ui/.electrify/node_modules/binary
194 info lifecycle binary@0.3.0~preinstall: binary@0.3.0
195 silly lifecycle binary@0.3.0~preinstall: no script for preinstall, continuing
196 info linkStuff binary@0.3.0
197 silly linkStuff binary@0.3.0 has /Users/sean/Desktop/Development/node/mrspider-ui/.electrify/node_modules as its parent node_modules
198 verbose linkBins binary@0.3.0
199 verbose linkMans binary@0.3.0
200 verbose rebuildBundles binary@0.3.0
201 info lifecycle binary@0.3.0~install: binary@0.3.0
202 silly lifecycle binary@0.3.0~install: no script for install, continuing
203 info lifecycle binary@0.3.0~postinstall: binary@0.3.0
204 silly lifecycle binary@0.3.0~postinstall: no script for postinstall, continuing
205 verbose rebuild bundle /Users/sean/Desktop/Development/node/mrspider-ui/.electrify/node_modules/bl
206 info build /Users/sean/Desktop/Development/node/mrspider-ui/.electrify/node_modules/bl
207 info lifecycle bl@0.9.4~preinstall: bl@0.9.4
208 silly lifecycle bl@0.9.4~preinstall: no script for preinstall, continuing
209 info linkStuff bl@0.9.4
210 silly linkStuff bl@0.9.4 has /Users/sean/Desktop/Development/node/mrspider-ui/.electrify/node_modules as its parent node_modules
211 verbose linkBins bl@0.9.4
212 verbose linkMans bl@0.9.4
213 verbose rebuildBundles bl@0.9.4
214 verbose rebuildBundles [ 'readable-stream' ]
215 info lifecycle bl@0.9.4~install: bl@0.9.4
216 silly lifecycle bl@0.9.4~install: no script for install, continuing
217 info lifecycle bl@0.9.4~postinstall: bl@0.9.4
218 silly lifecycle bl@0.9.4~postinstall: no script for postinstall, continuing
219 verbose rebuild bundle /Users/sean/Desktop/Development/node/mrspider-ui/.electrify/node_modules/bluebird
220 info build /Users/sean/Desktop/Development/node/mrspider-ui/.electrify/node_modules/bluebird
221 info lifecycle bluebird@2.10.2~preinstall: bluebird@2.10.2
222 silly lifecycle bluebird@2.10.2~preinstall: no script for preinstall, continuing
223 info linkStuff bluebird@2.10.2
224 silly linkStuff bluebird@2.10.2 has /Users/sean/Desktop/Development/node/mrspider-ui/.electrify/node_modules as its parent node_modules
225 verbose linkBins bluebird@2.10.2
226 verbose linkMans bluebird@2.10.2
227 verbose rebuildBundles bluebird@2.10.2
228 info lifecycle bluebird@2.10.2~install: bluebird@2.10.2
229 silly lifecycle bluebird@2.10.2~install: no script for install, continuing
230 info lifecycle bluebird@2.10.2~postinstall: bluebird@2.10.2
231 silly lifecycle bluebird@2.10.2~postinstall: no script for postinstall, continuing
232 verbose rebuild bundle /Users/sean/Desktop/Development/node/mrspider-ui/.electrify/node_modules/boom
233 info build /Users/sean/Desktop/Development/node/mrspider-ui/.electrify/node_modules/boom
234 info lifecycle boom@2.10.1~preinstall: boom@2.10.1
235 silly lifecycle boom@2.10.1~preinstall: no script for preinstall, continuing
236 info linkStuff boom@2.10.1
237 silly linkStuff boom@2.10.1 has /Users/sean/Desktop/Development/node/mrspider-ui/.electrify/node_modules as its parent node_modules
238 verbose linkBins boom@2.10.1
239 verbose linkMans boom@2.10.1
240 verbose rebuildBundles boom@2.10.1
241 info lifecycle boom@2.10.1~install: boom@2.10.1
242 silly lifecycle boom@2.10.1~install: no script for install, continuing
243 info lifecycle boom@2.10.1~postinstall: boom@2.10.1
244 silly lifecycle boom@2.10.1~postinstall: no script for postinstall, continuing
245 verbose rebuild bundle /Users/sean/Desktop/Development/node/mrspider-ui/.electrify/node_modules/brace-expansion
246 info build /Users/sean/Desktop/Development/node/mrspider-ui/.electrify/node_modules/brace-expansion
247 info lifecycle brace-expansion@1.1.2~preinstall: brace-expansion@1.1.2
248 silly lifecycle brace-expansion@1.1.2~preinstall: no script for preinstall, continuing
249 info linkStuff brace-expansion@1.1.2
250 silly linkStuff brace-expansion@1.1.2 has /Users/sean/Desktop/Development/node/mrspider-ui/.electrify/node_modules as its parent node_modules
251 verbose linkBins brace-expansion@1.1.2
252 verbose linkMans brace-expansion@1.1.2
253 verbose rebuildBundles brace-expansion@1.1.2
254 info lifecycle brace-expansion@1.1.2~install: brace-expansion@1.1.2
255 silly lifecycle brace-expansion@1.1.2~install: no script for install, continuing
256 info lifecycle brace-expansion@1.1.2~postinstall: brace-expansion@1.1.2
257 silly lifecycle brace-expansion@1.1.2~postinstall: no script for postinstall, continuing
258 verbose rebuild bundle /Users/sean/Desktop/Development/node/mrspider-ui/.electrify/node_modules/buffers
259 info build /Users/sean/Desktop/Development/node/mrspider-ui/.electrify/node_modules/buffers
260 info lifecycle buffers@0.1.1~preinstall: buffers@0.1.1
261 silly lifecycle buffers@0.1.1~preinstall: no script for preinstall, continuing
262 info linkStuff buffers@0.1.1
263 silly linkStuff buffers@0.1.1 has /Users/sean/Desktop/Development/node/mrspider-ui/.electrify/node_modules as its parent node_modules
264 verbose linkBins buffers@0.1.1
265 verbose linkMans buffers@0.1.1
266 verbose rebuildBundles buffers@0.1.1
267 info lifecycle buffers@0.1.1~install: buffers@0.1.1
268 silly lifecycle buffers@0.1.1~install: no script for install, continuing
269 info lifecycle buffers@0.1.1~postinstall: buffers@0.1.1
270 silly lifecycle buffers@0.1.1~postinstall: no script for postinstall, continuing
271 verbose rebuild bundle /Users/sean/Desktop/Development/node/mrspider-ui/.electrify/node_modules/builtin-modules
272 info build /Users/sean/Desktop/Development/node/mrspider-ui/.electrify/node_modules/builtin-modules
273 info lifecycle builtin-modules@1.1.0~preinstall: builtin-modules@1.1.0
274 silly lifecycle builtin-modules@1.1.0~preinstall: no script for preinstall, continuing
275 info linkStuff builtin-modules@1.1.0
276 silly linkStuff builtin-modules@1.1.0 has /Users/sean/Desktop/Development/node/mrspider-ui/.electrify/node_modules as its parent node_modules
277 verbose linkBins builtin-modules@1.1.0
278 verbose linkMans builtin-modules@1.1.0
279 verbose rebuildBundles builtin-modules@1.1.0
280 info lifecycle builtin-modules@1.1.0~install: builtin-modules@1.1.0
281 silly lifecycle builtin-modules@1.1.0~install: no script for install, continuing
282 info lifecycle builtin-modules@1.1.0~postinstall: builtin-modules@1.1.0
283 silly lifecycle builtin-modules@1.1.0~postinstall: no script for postinstall, continuing
284 verbose rebuild bundle /Users/sean/Desktop/Development/node/mrspider-ui/.electrify/node_modules/camelcase
285 info build /Users/sean/Desktop/Development/node/mrspider-ui/.electrify/node_modules/camelcase
286 info lifecycle camelcase@2.0.1~preinstall: camelcase@2.0.1
287 silly lifecycle camelcase@2.0.1~preinstall: no script for preinstall, continuing
288 info linkStuff camelcase@2.0.1
289 silly linkStuff camelcase@2.0.1 has /Users/sean/Desktop/Development/node/mrspider-ui/.electrify/node_modules as its parent node_modules
290 verbose linkBins camelcase@2.0.1
291 verbose linkMans camelcase@2.0.1
292 verbose rebuildBundles camelcase@2.0.1
293 info lifecycle camelcase@2.0.1~install: camelcase@2.0.1
294 silly lifecycle camelcase@2.0.1~install: no script for install, continuing
295 info lifecycle camelcase@2.0.1~postinstall: camelcase@2.0.1
296 silly lifecycle camelcase@2.0.1~postinstall: no script for postinstall, continuing
297 verbose rebuild bundle /Users/sean/Desktop/Development/node/mrspider-ui/.electrify/node_modules/camelcase-keys
298 info build /Users/sean/Desktop/Development/node/mrspider-ui/.electrify/node_modules/camelcase-keys
299 info lifecycle camelcase-keys@2.0.0~preinstall: camelcase-keys@2.0.0
300 silly lifecycle camelcase-keys@2.0.0~preinstall: no script for preinstall, continuing
301 info linkStuff camelcase-keys@2.0.0
302 silly linkStuff camelcase-keys@2.0.0 has /Users/sean/Desktop/Development/node/mrspider-ui/.electrify/node_modules as its parent node_modules
303 verbose linkBins camelcase-keys@2.0.0
304 verbose linkMans camelcase-keys@2.0.0
305 verbose rebuildBundles camelcase-keys@2.0.0
306 info lifecycle camelcase-keys@2.0.0~install: camelcase-keys@2.0.0
307 silly lifecycle camelcase-keys@2.0.0~install: no script for install, continuing
308 info lifecycle camelcase-keys@2.0.0~postinstall: camelcase-keys@2.0.0
309 silly lifecycle camelcase-keys@2.0.0~postinstall: no script for postinstall, continuing
310 verbose rebuild bundle /Users/sean/Desktop/Development/node/mrspider-ui/.electrify/node_modules/caseless
311 info build /Users/sean/Desktop/Development/node/mrspider-ui/.electrify/node_modules/caseless
312 info lifecycle caseless@0.9.0~preinstall: caseless@0.9.0
313 silly lifecycle caseless@0.9.0~preinstall: no script for preinstall, continuing
314 info linkStuff caseless@0.9.0
315 silly linkStuff caseless@0.9.0 has /Users/sean/Desktop/Development/node/mrspider-ui/.electrify/node_modules as its parent node_modules
316 verbose linkBins caseless@0.9.0
317 verbose linkMans caseless@0.9.0
318 verbose rebuildBundles caseless@0.9.0
319 info lifecycle caseless@0.9.0~install: caseless@0.9.0
320 silly lifecycle caseless@0.9.0~install: no script for install, continuing
321 info lifecycle caseless@0.9.0~postinstall: caseless@0.9.0
322 silly lifecycle caseless@0.9.0~postinstall: no script for postinstall, continuing
323 verbose rebuild bundle /Users/sean/Desktop/Development/node/mrspider-ui/.electrify/node_modules/chainsaw
324 info build /Users/sean/Desktop/Development/node/mrspider-ui/.electrify/node_modules/chainsaw
325 info lifecycle chainsaw@0.1.0~preinstall: chainsaw@0.1.0
326 silly lifecycle chainsaw@0.1.0~preinstall: no script for preinstall, continuing
327 info linkStuff chainsaw@0.1.0
328 silly linkStuff chainsaw@0.1.0 has /Users/sean/Desktop/Development/node/mrspider-ui/.electrify/node_modules as its parent node_modules
329 verbose linkBins chainsaw@0.1.0
330 verbose linkMans chainsaw@0.1.0
331 verbose rebuildBundles chainsaw@0.1.0
332 info lifecycle chainsaw@0.1.0~install: chainsaw@0.1.0
333 silly lifecycle chainsaw@0.1.0~install: no script for install, continuing
334 info lifecycle chainsaw@0.1.0~postinstall: chainsaw@0.1.0
335 silly lifecycle chainsaw@0.1.0~postinstall: no script for postinstall, continuing
336 verbose rebuild bundle /Users/sean/Desktop/Development/node/mrspider-ui/.electrify/node_modules/chalk
337 info build /Users/sean/Desktop/Development/node/mrspider-ui/.electrify/node_modules/chalk
338 info lifecycle chalk@1.1.1~preinstall: chalk@1.1.1
339 silly lifecycle chalk@1.1.1~preinstall: no script for preinstall, continuing
340 info linkStuff chalk@1.1.1
341 silly linkStuff chalk@1.1.1 has /Users/sean/Desktop/Development/node/mrspider-ui/.electrify/node_modules as its parent node_modules
342 verbose linkBins chalk@1.1.1
343 verbose linkMans chalk@1.1.1
344 verbose rebuildBundles chalk@1.1.1
345 info lifecycle chalk@1.1.1~install: chalk@1.1.1
346 silly lifecycle chalk@1.1.1~install: no script for install, continuing
347 info lifecycle chalk@1.1.1~postinstall: chalk@1.1.1
348 silly lifecycle chalk@1.1.1~postinstall: no script for postinstall, continuing
349 verbose rebuild bundle /Users/sean/Desktop/Development/node/mrspider-ui/.electrify/node_modules/chromium-pickle-js
350 info build /Users/sean/Desktop/Development/node/mrspider-ui/.electrify/node_modules/chromium-pickle-js
351 info lifecycle chromium-pickle-js@0.1.0~preinstall: chromium-pickle-js@0.1.0
352 silly lifecycle chromium-pickle-js@0.1.0~preinstall: no script for preinstall, continuing
353 info linkStuff chromium-pickle-js@0.1.0
354 silly linkStuff chromium-pickle-js@0.1.0 has /Users/sean/Desktop/Development/node/mrspider-ui/.electrify/node_modules as its parent node_modules
355 verbose linkBins chromium-pickle-js@0.1.0
356 verbose linkMans chromium-pickle-js@0.1.0
357 verbose rebuildBundles chromium-pickle-js@0.1.0
358 info lifecycle chromium-pickle-js@0.1.0~install: chromium-pickle-js@0.1.0
359 silly lifecycle chromium-pickle-js@0.1.0~install: no script for install, continuing
360 info lifecycle chromium-pickle-js@0.1.0~postinstall: chromium-pickle-js@0.1.0
361 silly lifecycle chromium-pickle-js@0.1.0~postinstall: no script for postinstall, continuing
362 verbose rebuild bundle /Users/sean/Desktop/Development/node/mrspider-ui/.electrify/node_modules/combined-stream
363 info build /Users/sean/Desktop/Development/node/mrspider-ui/.electrify/node_modules/combined-stream
364 info lifecycle combined-stream@0.0.7~preinstall: combined-stream@0.0.7
365 silly lifecycle combined-stream@0.0.7~preinstall: no script for preinstall, continuing
366 info linkStuff combined-stream@0.0.7
367 silly linkStuff combined-stream@0.0.7 has /Users/sean/Desktop/Development/node/mrspider-ui/.electrify/node_modules as its parent node_modules
368 verbose linkBins combined-stream@0.0.7
369 verbose linkMans combined-stream@0.0.7
370 verbose rebuildBundles combined-stream@0.0.7
371 info lifecycle combined-stream@0.0.7~install: combined-stream@0.0.7
372 silly lifecycle combined-stream@0.0.7~install: no script for install, continuing
373 info lifecycle combined-stream@0.0.7~postinstall: combined-stream@0.0.7
374 silly lifecycle combined-stream@0.0.7~postinstall: no script for postinstall, continuing
375 verbose rebuild bundle /Users/sean/Desktop/Development/node/mrspider-ui/.electrify/node_modules/commander
376 info build /Users/sean/Desktop/Development/node/mrspider-ui/.electrify/node_modules/commander
377 info lifecycle commander@2.9.0~preinstall: commander@2.9.0
378 silly lifecycle commander@2.9.0~preinstall: no script for preinstall, continuing
379 info linkStuff commander@2.9.0
380 silly linkStuff commander@2.9.0 has /Users/sean/Desktop/Development/node/mrspider-ui/.electrify/node_modules as its parent node_modules
381 verbose linkBins commander@2.9.0
382 verbose linkMans commander@2.9.0
383 verbose rebuildBundles commander@2.9.0
384 info lifecycle commander@2.9.0~install: commander@2.9.0
385 silly lifecycle commander@2.9.0~install: no script for install, continuing
386 info lifecycle commander@2.9.0~postinstall: commander@2.9.0
387 silly lifecycle commander@2.9.0~postinstall: no script for postinstall, continuing
388 verbose rebuild bundle /Users/sean/Desktop/Development/node/mrspider-ui/.electrify/node_modules/concat-map
389 info build /Users/sean/Desktop/Development/node/mrspider-ui/.electrify/node_modules/concat-map
390 info lifecycle concat-map@0.0.1~preinstall: concat-map@0.0.1
391 silly lifecycle concat-map@0.0.1~preinstall: no script for preinstall, continuing
392 info linkStuff concat-map@0.0.1
393 silly linkStuff concat-map@0.0.1 has /Users/sean/Desktop/Development/node/mrspider-ui/.electrify/node_modules as its parent node_modules
394 verbose linkBins concat-map@0.0.1
395 verbose linkMans concat-map@0.0.1
396 verbose rebuildBundles concat-map@0.0.1
397 info lifecycle concat-map@0.0.1~install: concat-map@0.0.1
398 silly lifecycle concat-map@0.0.1~install: no script for install, continuing
399 info lifecycle concat-map@0.0.1~postinstall: concat-map@0.0.1
400 silly lifecycle concat-map@0.0.1~postinstall: no script for postinstall, continuing
401 verbose rebuild bundle /Users/sean/Desktop/Development/node/mrspider-ui/.electrify/node_modules/concat-stream
402 info build /Users/sean/Desktop/Development/node/mrspider-ui/.electrify/node_modules/concat-stream
403 info lifecycle concat-stream@1.5.0~preinstall: concat-stream@1.5.0
404 silly lifecycle concat-stream@1.5.0~preinstall: no script for preinstall, continuing
405 info linkStuff concat-stream@1.5.0
406 silly linkStuff concat-stream@1.5.0 has /Users/sean/Desktop/Development/node/mrspider-ui/.electrify/node_modules as its parent node_modules
407 verbose linkBins concat-stream@1.5.0
408 verbose linkMans concat-stream@1.5.0
409 verbose rebuildBundles concat-stream@1.5.0
410 verbose rebuildBundles [ 'readable-stream' ]
411 info lifecycle concat-stream@1.5.0~install: concat-stream@1.5.0
412 silly lifecycle concat-stream@1.5.0~install: no script for install, continuing
413 info lifecycle concat-stream@1.5.0~postinstall: concat-stream@1.5.0
414 silly lifecycle concat-stream@1.5.0~postinstall: no script for postinstall, continuing
415 verbose rebuild bundle /Users/sean/Desktop/Development/node/mrspider-ui/.electrify/node_modules/core-util-is
416 info build /Users/sean/Desktop/Development/node/mrspider-ui/.electrify/node_modules/core-util-is
417 info lifecycle core-util-is@1.0.2~preinstall: core-util-is@1.0.2
418 silly lifecycle core-util-is@1.0.2~preinstall: no script for preinstall, continuing
419 info linkStuff core-util-is@1.0.2
420 silly linkStuff core-util-is@1.0.2 has /Users/sean/Desktop/Development/node/mrspider-ui/.electrify/node_modules as its parent node_modules
421 verbose linkBins core-util-is@1.0.2
422 verbose linkMans core-util-is@1.0.2
423 verbose rebuildBundles core-util-is@1.0.2
424 info lifecycle core-util-is@1.0.2~install: core-util-is@1.0.2
425 silly lifecycle core-util-is@1.0.2~install: no script for install, continuing
426 info lifecycle core-util-is@1.0.2~postinstall: core-util-is@1.0.2
427 silly lifecycle core-util-is@1.0.2~postinstall: no script for postinstall, continuing
428 verbose rebuild bundle /Users/sean/Desktop/Development/node/mrspider-ui/.electrify/node_modules/cryptiles
429 info build /Users/sean/Desktop/Development/node/mrspider-ui/.electrify/node_modules/cryptiles
430 info lifecycle cryptiles@2.0.5~preinstall: cryptiles@2.0.5
431 silly lifecycle cryptiles@2.0.5~preinstall: no script for preinstall, continuing
432 info linkStuff cryptiles@2.0.5
433 silly linkStuff cryptiles@2.0.5 has /Users/sean/Desktop/Development/node/mrspider-ui/.electrify/node_modules as its parent node_modules
434 verbose linkBins cryptiles@2.0.5
435 verbose linkMans cryptiles@2.0.5
436 verbose rebuildBundles cryptiles@2.0.5
437 info lifecycle cryptiles@2.0.5~install: cryptiles@2.0.5
438 silly lifecycle cryptiles@2.0.5~install: no script for install, continuing
439 info lifecycle cryptiles@2.0.5~postinstall: cryptiles@2.0.5
440 silly lifecycle cryptiles@2.0.5~postinstall: no script for postinstall, continuing
441 verbose rebuild bundle /Users/sean/Desktop/Development/node/mrspider-ui/.electrify/node_modules/ctype
442 info build /Users/sean/Desktop/Development/node/mrspider-ui/.electrify/node_modules/ctype
443 info lifecycle ctype@0.5.3~preinstall: ctype@0.5.3
444 silly lifecycle ctype@0.5.3~preinstall: no script for preinstall, continuing
445 info linkStuff ctype@0.5.3
446 silly linkStuff ctype@0.5.3 has /Users/sean/Desktop/Development/node/mrspider-ui/.electrify/node_modules as its parent node_modules
447 verbose linkBins ctype@0.5.3
448 verbose linkMans ctype@0.5.3
449 verbose rebuildBundles ctype@0.5.3
450 info lifecycle ctype@0.5.3~install: ctype@0.5.3
451 silly lifecycle ctype@0.5.3~install: no script for install, continuing
452 info lifecycle ctype@0.5.3~postinstall: ctype@0.5.3
453 silly lifecycle ctype@0.5.3~postinstall: no script for postinstall, continuing
454 verbose rebuild bundle /Users/sean/Desktop/Development/node/mrspider-ui/.electrify/node_modules/cuint
455 info build /Users/sean/Desktop/Development/node/mrspider-ui/.electrify/node_modules/cuint
456 info lifecycle cuint@0.1.5~preinstall: cuint@0.1.5
457 silly lifecycle cuint@0.1.5~preinstall: no script for preinstall, continuing
458 info linkStuff cuint@0.1.5
459 silly linkStuff cuint@0.1.5 has /Users/sean/Desktop/Development/node/mrspider-ui/.electrify/node_modules as its parent node_modules
460 verbose linkBins cuint@0.1.5
461 verbose linkMans cuint@0.1.5
462 verbose rebuildBundles cuint@0.1.5
463 info lifecycle cuint@0.1.5~install: cuint@0.1.5
464 silly lifecycle cuint@0.1.5~install: no script for install, continuing
465 info lifecycle cuint@0.1.5~postinstall: cuint@0.1.5
466 silly lifecycle cuint@0.1.5~postinstall: no script for postinstall, continuing
467 verbose rebuild bundle /Users/sean/Desktop/Development/node/mrspider-ui/.electrify/node_modules/debug
468 info build /Users/sean/Desktop/Development/node/mrspider-ui/.electrify/node_modules/debug
469 info lifecycle debug@2.2.0~preinstall: debug@2.2.0
470 silly lifecycle debug@2.2.0~preinstall: no script for preinstall, continuing
471 info linkStuff debug@2.2.0
472 silly linkStuff debug@2.2.0 has /Users/sean/Desktop/Development/node/mrspider-ui/.electrify/node_modules as its parent node_modules
473 verbose linkBins debug@2.2.0
474 verbose linkMans debug@2.2.0
475 verbose rebuildBundles debug@2.2.0
476 info lifecycle debug@2.2.0~install: debug@2.2.0
477 silly lifecycle debug@2.2.0~install: no script for install, continuing
478 info lifecycle debug@2.2.0~postinstall: debug@2.2.0
479 silly lifecycle debug@2.2.0~postinstall: no script for postinstall, continuing
480 verbose rebuild bundle /Users/sean/Desktop/Development/node/mrspider-ui/.electrify/node_modules/decompress-zip
481 info build /Users/sean/Desktop/Development/node/mrspider-ui/.electrify/node_modules/decompress-zip
482 info lifecycle decompress-zip@0.1.0~preinstall: decompress-zip@0.1.0
483 silly lifecycle decompress-zip@0.1.0~preinstall: no script for preinstall, continuing
484 info linkStuff decompress-zip@0.1.0
485 silly linkStuff decompress-zip@0.1.0 has /Users/sean/Desktop/Development/node/mrspider-ui/.electrify/node_modules as its parent node_modules
486 verbose linkBins decompress-zip@0.1.0
487 verbose link bins [ { 'decompress-zip': 'bin/decompress-zip' },
487 verbose link bins   '/Users/sean/Desktop/Development/node/mrspider-ui/.electrify/node_modules/.bin',
487 verbose link bins   false ]
488 verbose linkMans decompress-zip@0.1.0
489 verbose rebuildBundles decompress-zip@0.1.0
490 info lifecycle decompress-zip@0.1.0~install: decompress-zip@0.1.0
491 silly lifecycle decompress-zip@0.1.0~install: no script for install, continuing
492 info lifecycle decompress-zip@0.1.0~postinstall: decompress-zip@0.1.0
493 silly lifecycle decompress-zip@0.1.0~postinstall: no script for postinstall, continuing
494 verbose rebuild bundle /Users/sean/Desktop/Development/node/mrspider-ui/.electrify/node_modules/deep-extend
495 info build /Users/sean/Desktop/Development/node/mrspider-ui/.electrify/node_modules/deep-extend
496 info lifecycle deep-extend@0.4.0~preinstall: deep-extend@0.4.0
497 silly lifecycle deep-extend@0.4.0~preinstall: no script for preinstall, continuing
498 info linkStuff deep-extend@0.4.0
499 silly linkStuff deep-extend@0.4.0 has /Users/sean/Desktop/Development/node/mrspider-ui/.electrify/node_modules as its parent node_modules
500 verbose linkBins deep-extend@0.4.0
501 verbose linkMans deep-extend@0.4.0
502 verbose rebuildBundles deep-extend@0.4.0
503 info lifecycle deep-extend@0.4.0~install: deep-extend@0.4.0
504 silly lifecycle deep-extend@0.4.0~install: no script for install, continuing
505 info lifecycle deep-extend@0.4.0~postinstall: deep-extend@0.4.0
506 silly lifecycle deep-extend@0.4.0~postinstall: no script for postinstall, continuing
507 verbose rebuild bundle /Users/sean/Desktop/Development/node/mrspider-ui/.electrify/node_modules/delayed-stream
508 info build /Users/sean/Desktop/Development/node/mrspider-ui/.electrify/node_modules/delayed-stream
509 info lifecycle delayed-stream@0.0.5~preinstall: delayed-stream@0.0.5
510 silly lifecycle delayed-stream@0.0.5~preinstall: no script for preinstall, continuing
511 info linkStuff delayed-stream@0.0.5
512 silly linkStuff delayed-stream@0.0.5 has /Users/sean/Desktop/Development/node/mrspider-ui/.electrify/node_modules as its parent node_modules
513 verbose linkBins delayed-stream@0.0.5
514 verbose linkMans delayed-stream@0.0.5
515 verbose rebuildBundles delayed-stream@0.0.5
516 info lifecycle delayed-stream@0.0.5~install: delayed-stream@0.0.5
517 silly lifecycle delayed-stream@0.0.5~install: no script for install, continuing
518 info lifecycle delayed-stream@0.0.5~postinstall: delayed-stream@0.0.5
519 silly lifecycle delayed-stream@0.0.5~postinstall: no script for postinstall, continuing
520 verbose rebuild bundle /Users/sean/Desktop/Development/node/mrspider-ui/.electrify/node_modules/electron-download
521 info build /Users/sean/Desktop/Development/node/mrspider-ui/.electrify/node_modules/electron-download
522 info lifecycle electron-download@1.4.1~preinstall: electron-download@1.4.1
523 silly lifecycle electron-download@1.4.1~preinstall: no script for preinstall, continuing
524 info linkStuff electron-download@1.4.1
525 silly linkStuff electron-download@1.4.1 has /Users/sean/Desktop/Development/node/mrspider-ui/.electrify/node_modules as its parent node_modules
526 verbose linkBins electron-download@1.4.1
527 verbose link bins [ { 'electron-download': 'cli.js' },
527 verbose link bins   '/Users/sean/Desktop/Development/node/mrspider-ui/.electrify/node_modules/.bin',
527 verbose link bins   false ]
528 verbose linkMans electron-download@1.4.1
529 verbose rebuildBundles electron-download@1.4.1
530 info lifecycle electron-download@1.4.1~install: electron-download@1.4.1
531 silly lifecycle electron-download@1.4.1~install: no script for install, continuing
532 info lifecycle electron-download@1.4.1~postinstall: electron-download@1.4.1
533 silly lifecycle electron-download@1.4.1~postinstall: no script for postinstall, continuing
534 verbose rebuild bundle /Users/sean/Desktop/Development/node/mrspider-ui/.electrify/node_modules/electron-packager
535 info build /Users/sean/Desktop/Development/node/mrspider-ui/.electrify/node_modules/electron-packager
536 info lifecycle electron-packager@5.2.0~preinstall: electron-packager@5.2.0
537 silly lifecycle electron-packager@5.2.0~preinstall: no script for preinstall, continuing
538 info linkStuff electron-packager@5.2.0
539 silly linkStuff electron-packager@5.2.0 has /Users/sean/Desktop/Development/node/mrspider-ui/.electrify/node_modules as its parent node_modules
540 verbose linkBins electron-packager@5.2.0
541 verbose link bins [ { 'electron-packager': 'cli.js' },
541 verbose link bins   '/Users/sean/Desktop/Development/node/mrspider-ui/.electrify/node_modules/.bin',
541 verbose link bins   false ]
542 verbose linkMans electron-packager@5.2.0
543 verbose rebuildBundles electron-packager@5.2.0
544 info lifecycle electron-packager@5.2.0~install: electron-packager@5.2.0
545 silly lifecycle electron-packager@5.2.0~install: no script for install, continuing
546 info lifecycle electron-packager@5.2.0~postinstall: electron-packager@5.2.0
547 silly lifecycle electron-packager@5.2.0~postinstall: no script for postinstall, continuing
548 verbose rebuild bundle /Users/sean/Desktop/Development/node/mrspider-ui/.electrify/node_modules/electron-prebuilt
549 info build /Users/sean/Desktop/Development/node/mrspider-ui/.electrify/node_modules/electron-prebuilt
550 info lifecycle electron-prebuilt@0.35.4~preinstall: electron-prebuilt@0.35.4
551 silly lifecycle electron-prebuilt@0.35.4~preinstall: no script for preinstall, continuing
552 info linkStuff electron-prebuilt@0.35.4
553 silly linkStuff electron-prebuilt@0.35.4 has /Users/sean/Desktop/Development/node/mrspider-ui/.electrify/node_modules as its parent node_modules
554 verbose linkBins electron-prebuilt@0.35.4
555 verbose link bins [ { electron: 'cli.js' },
555 verbose link bins   '/Users/sean/Desktop/Development/node/mrspider-ui/.electrify/node_modules/.bin',
555 verbose link bins   false ]
556 verbose linkMans electron-prebuilt@0.35.4
557 verbose rebuildBundles electron-prebuilt@0.35.4
558 info lifecycle electron-prebuilt@0.35.4~install: electron-prebuilt@0.35.4
559 silly lifecycle electron-prebuilt@0.35.4~install: no script for install, continuing
560 info lifecycle electron-prebuilt@0.35.4~postinstall: electron-prebuilt@0.35.4
561 verbose lifecycle electron-prebuilt@0.35.4~postinstall: unsafe-perm in lifecycle true
562 verbose lifecycle electron-prebuilt@0.35.4~postinstall: PATH: /Users/sean/.nvm/versions/node/v5.0.0/lib/node_modules/npm/bin/node-gyp-bin:/Users/sean/Desktop/Development/node/mrspider-ui/.electrify/node_modules/electron-prebuilt/node_modules/.bin:/Users/sean/Desktop/Development/node/mrspider-ui/.electrify/node_modules/.bin:/Users/sean/.nvm/versions/node/v5.0.0/bin:/Users/sean/bin/Sencha/Cmd/6.0.1.76/..:/Users/sean/bin:/Users/sean/bin/Sencha/Cmd/6.0.1.76/..:/Users/sean/bin:/usr/local/bin:/usr/bin:/bin:/usr/sbin:/sbin:/Applications/Genymotion Shell.app/Contents/MacOS/:/Applications/Genymotion.app/Contents/MacOS/:/Users/sean/Library/Android/sdk/platform-tools/:/Users/sean/Library/Android/sdk/tools/
563 verbose lifecycle electron-prebuilt@0.35.4~postinstall: CWD: /Users/sean/Desktop/Development/node/mrspider-ui/.electrify/node_modules/electron-prebuilt
564 silly lifecycle electron-prebuilt@0.35.4~postinstall: Args: [ '-c', 'node install.js' ]
565 silly lifecycle electron-prebuilt@0.35.4~postinstall: Returned: code: 1  signal: null
566 info lifecycle electron-prebuilt@0.35.4~postinstall: Failed to exec postinstall script
567 warn EPACKAGEJSON my-electrified-app@ No description
568 warn EPACKAGEJSON my-electrified-app@ No repository field.
569 warn EPACKAGEJSON my-electrified-app@ No license field.
570 verbose stack Error: electron-prebuilt@0.35.4 postinstall: `node install.js`
570 verbose stack Exit status 1
570 verbose stack     at EventEmitter.<anonymous> (/Users/sean/.nvm/versions/node/v5.0.0/lib/node_modules/npm/lib/utils/lifecycle.js:233:16)
570 verbose stack     at emitTwo (events.js:87:13)
570 verbose stack     at EventEmitter.emit (events.js:172:7)
570 verbose stack     at ChildProcess.<anonymous> (/Users/sean/.nvm/versions/node/v5.0.0/lib/node_modules/npm/lib/utils/spawn.js:24:14)
570 verbose stack     at emitTwo (events.js:87:13)
570 verbose stack     at ChildProcess.emit (events.js:172:7)
570 verbose stack     at maybeClose (internal/child_process.js:818:16)
570 verbose stack     at Process.ChildProcess._handle.onexit (internal/child_process.js:211:5)
571 verbose pkgid electron-prebuilt@0.35.4
572 verbose cwd /Users/sean/Desktop/Development/node/mrspider-ui/.electrify
573 error Darwin 15.2.0
574 error argv "/Users/sean/.nvm/versions/node/v5.0.0/bin/node" "/Users/sean/.nvm/versions/node/v5.0.0/bin/npm" "i"
575 error node v5.0.0
576 error npm  v3.3.6
577 error code ELIFECYCLE
578 error electron-prebuilt@0.35.4 postinstall: `node install.js`
578 error Exit status 1
579 error Failed at the electron-prebuilt@0.35.4 postinstall script 'node install.js'.
579 error This is most likely a problem with the electron-prebuilt package,
579 error not with npm itself.
579 error Tell the author that this fails on your system:
579 error     node install.js
579 error You can get their info via:
579 error     npm owner ls electron-prebuilt
579 error There is likely additional logging output above.
580 verbose exit [ 1, true ]
